<?xml version="1.0" encoding="UTF-8"?>
<testsuite name="Ioc3Test" tests="1" skipped="1" failures="0" errors="0" timestamp="2020-08-10T03:20:35" hostname="DESKTOP-OUTIVP8" time="1857.915">
  <properties/>
  <testcase name="test2" classname="Ioc3Test" time="1857.915">
    <skipped/>
  </testcase>
  <system-out><![CDATA[]]></system-out>
  <system-err><![CDATA[]]></system-err>
</testsuite>
